  test.cpp
D:\teamnumberone\test\test\TestMemory2.h(11,13): error C2059:  синтаксическая ошибка: .
D:\teamnumberone\test\test\TestMemory2.h(26,1): error C2059:  синтаксическая ошибка: }
D:\teamnumberone\test\test\TestMemory2.h(26,1): error C2143:  синтаксическая ошибка: отсутствие ";" перед "}"
D:\teamnumberone\test\test\TestMemory2.h(19,4): error C2065:  BigInteger_x: необъявленный идентификатор
D:\teamnumberone\test\test\TestMemory2.h(20,4): error C2065:  BigInteger_y: необъявленный идентификатор
D:\teamnumberone\test\test\TestMemory2.h(21,4): error C2065:  BigInteger_z: необъявленный идентификатор
D:\teamnumberone\test\test\TestMemory2.h(23,4): error C2065:  BigInteger: необъявленный идентификатор
D:\teamnumberone\test\test\TestMemory2.h(23,15): error C2146:  синтаксическая ошибка: отсутствие ";" перед идентификатором "k"
D:\teamnumberone\test\test\TestMemory2.h(23,15): error C2065:  k: необъявленный идентификатор
D:\teamnumberone\test\test\TestMemory2.h(23,19): error C2065:  BigInteger: необъявленный идентификатор
D:\teamnumberone\test\test\TestMemory2.h(23,34): error C2065:  x: необъявленный идентификатор
D:\teamnumberone\test\test\TestMemory2.h(23,42): error C2065:  BigInteger: необъявленный идентификатор
D:\teamnumberone\test\test\TestMemory2.h(23,57): error C2065:  y: необъявленный идентификатор
D:\teamnumberone\test\test\TestMemory2.h(23,65): error C2065:  BigInteger: необъявленный идентификатор
D:\teamnumberone\test\test\TestMemory2.h(23,80): error C2065:  z: необъявленный идентификатор
